<?xml version="1.0" encoding="UTF-8"?>
<testsuite name="dittodining.api_server.ApiServerApplicationTests" tests="1" skipped="0" failures="0" errors="0" timestamp="2024-12-31T10:08:56" hostname="isang-yun-ui-MacBookAir.local" time="0.426">
  <properties/>
  <testcase name="contextLoads()" classname="dittodining.api_server.ApiServerApplicationTests" time="0.426"/>
  <system-out><![CDATA[19:08:54.427 [Test worker] INFO org.springframework.test.context.support.AnnotationConfigContextLoaderUtils -- Could not detect default configuration classes for test class [dittodining.api_server.ApiServerApplicationTests]: ApiServerApplicationTests does not declare any static, non-private, non-final, nested classes annotated with @Configuration.
19:08:54.497 [Test worker] INFO org.springframework.boot.test.context.SpringBootTestContextBootstrapper -- Found @SpringBootConfiguration dittodining.api_server.ApiServerApplication for test class dittodining.api_server.ApiServerApplicationTests

  .   ____          _            __ _ _
 /\\ / ___'_ __ _ _(_)_ __  __ _ \ \ \ \
( ( )\___ | '_ | '_| | '_ \/ _` | \ \ \ \
 \\/  ___)| |_)| | | | | || (_| |  ) ) ) )
  '  |____| .__|_| |_|_| |_\__, | / / / /
 =========|_|==============|___/=/_/_/_/

 :: Spring Boot ::                (v3.4.1)

2024-12-31T19:08:54.734+09:00  INFO 4166 --- [api-server] [    Test worker] d.api_server.ApiServerApplicationTests   : Starting ApiServerApplicationTests using Java 21.0.2 with PID 4166 (started by isang-yun in /Users/isang-yun/IntelliJIDEAProjects/dittodining-server-springboot)
2024-12-31T19:08:54.735+09:00  INFO 4166 --- [api-server] [    Test worker] d.api_server.ApiServerApplicationTests   : No active profile set, falling back to 1 default profile: "default"
2024-12-31T19:08:55.112+09:00  INFO 4166 --- [api-server] [    Test worker] .s.d.r.c.RepositoryConfigurationDelegate : Bootstrapping Spring Data JPA repositories in DEFAULT mode.
2024-12-31T19:08:55.126+09:00  INFO 4166 --- [api-server] [    Test worker] .s.d.r.c.RepositoryConfigurationDelegate : Finished Spring Data repository scanning in 9 ms. Found 0 JPA repository interfaces.
2024-12-31T19:08:55.446+09:00  INFO 4166 --- [api-server] [    Test worker] com.zaxxer.hikari.HikariDataSource       : HikariPool-1 - Starting...
2024-12-31T19:08:55.580+09:00  INFO 4166 --- [api-server] [    Test worker] com.zaxxer.hikari.pool.HikariPool        : HikariPool-1 - Added connection conn0: url=jdbc:h2:mem:f9ef618d-cb2a-4805-af53-b781a5fe54bc user=SA
2024-12-31T19:08:55.581+09:00  INFO 4166 --- [api-server] [    Test worker] com.zaxxer.hikari.HikariDataSource       : HikariPool-1 - Start completed.
2024-12-31T19:08:55.619+09:00  INFO 4166 --- [api-server] [    Test worker] o.hibernate.jpa.internal.util.LogHelper  : HHH000204: Processing PersistenceUnitInfo [name: default]
2024-12-31T19:08:55.653+09:00  INFO 4166 --- [api-server] [    Test worker] org.hibernate.Version                    : HHH000412: Hibernate ORM core version 6.6.4.Final
2024-12-31T19:08:55.675+09:00  INFO 4166 --- [api-server] [    Test worker] o.h.c.internal.RegionFactoryInitiator    : HHH000026: Second-level cache disabled
2024-12-31T19:08:55.837+09:00  INFO 4166 --- [api-server] [    Test worker] o.s.o.j.p.SpringPersistenceUnitInfo      : No LoadTimeWeaver setup: ignoring JPA class transformer
2024-12-31T19:08:55.884+09:00  INFO 4166 --- [api-server] [    Test worker] org.hibernate.orm.connections.pooling    : HHH10001005: Database info:
	Database JDBC URL [Connecting through datasource 'p6SpyDataSourceDecorator [com.p6spy.engine.spy.P6DataSource] -> dataSource [com.zaxxer.hikari.HikariDataSource]']
	Database driver: undefined/unknown
	Database version: 2.3.232
	Autocommit mode: undefined/unknown
	Isolation level: undefined/unknown
	Minimum pool size: undefined/unknown
	Maximum pool size: undefined/unknown
2024-12-31T19:08:56.304+09:00  INFO 4166 --- [api-server] [    Test worker] p6spy                                    : #1735639736304 | took 3ms | statement | connection 2| url jdbc:h2:mem:f9ef618d-cb2a-4805-af53-b781a5fe54bc
create global temporary table HTE_hello(rn_ integer not null, id bigint, primary key (rn_)) TRANSACTIONAL
create global temporary table HTE_hello(rn_ integer not null, id bigint, primary key (rn_)) TRANSACTIONAL;
2024-12-31T19:08:56.368+09:00  INFO 4166 --- [api-server] [    Test worker] o.h.e.t.j.p.i.JtaPlatformInitiator       : HHH000489: No JTA platform available (set 'hibernate.transaction.jta.platform' to enable JTA platform integration)
2024-12-31T19:08:56.377+09:00  INFO 4166 --- [api-server] [    Test worker] p6spy                                    : #1735639736377 | took 0ms | statement | connection 3| url jdbc:h2:mem:f9ef618d-cb2a-4805-af53-b781a5fe54bc
drop table if exists hello cascade 
drop table if exists hello cascade ;
2024-12-31T19:08:56.377+09:00  INFO 4166 --- [api-server] [    Test worker] p6spy                                    : #1735639736377 | took 0ms | statement | connection 3| url jdbc:h2:mem:f9ef618d-cb2a-4805-af53-b781a5fe54bc
drop sequence if exists hello_seq
drop sequence if exists hello_seq;
2024-12-31T19:08:56.381+09:00  INFO 4166 --- [api-server] [    Test worker] p6spy                                    : #1735639736381 | took 0ms | statement | connection 4| url jdbc:h2:mem:f9ef618d-cb2a-4805-af53-b781a5fe54bc
create sequence hello_seq start with 1 increment by 50
create sequence hello_seq start with 1 increment by 50;
2024-12-31T19:08:56.384+09:00  INFO 4166 --- [api-server] [    Test worker] p6spy                                    : #1735639736384 | took 0ms | statement | connection 4| url jdbc:h2:mem:f9ef618d-cb2a-4805-af53-b781a5fe54bc
create table hello (id bigint not null, primary key (id))
create table hello (id bigint not null, primary key (id));
2024-12-31T19:08:56.386+09:00  INFO 4166 --- [api-server] [    Test worker] j.LocalContainerEntityManagerFactoryBean : Initialized JPA EntityManagerFactory for persistence unit 'default'
2024-12-31T19:08:56.482+09:00  WARN 4166 --- [api-server] [    Test worker] JpaBaseConfiguration$JpaWebConfiguration : spring.jpa.open-in-view is enabled by default. Therefore, database queries may be performed during view rendering. Explicitly configure spring.jpa.open-in-view to disable this warning
2024-12-31T19:08:56.746+09:00  INFO 4166 --- [api-server] [    Test worker] d.api_server.ApiServerApplicationTests   : Started ApiServerApplicationTests in 2.166 seconds (process running for 2.949)
]]></system-out>
  <system-err><![CDATA[Mockito is currently self-attaching to enable the inline-mock-maker. This will no longer work in future releases of the JDK. Please add Mockito as an agent to your build what is described in Mockito's documentation: https://javadoc.io/doc/org.mockito/mockito-core/latest/org/mockito/Mockito.html#0.3
WARNING: A Java agent has been loaded dynamically (/Users/isang-yun/.gradle/caches/modules-2/files-2.1/net.bytebuddy/byte-buddy-agent/1.15.11/a38b16385e867f59a641330f0362ebe742788ed8/byte-buddy-agent-1.15.11.jar)
WARNING: If a serviceability tool is in use, please run with -XX:+EnableDynamicAgentLoading to hide this warning
WARNING: If a serviceability tool is not in use, please run with -Djdk.instrument.traceUsage for more information
WARNING: Dynamic loading of agents will be disallowed by default in a future release
]]></system-err>
</testsuite>
